<?xml version="1.0" encoding="UTF-8"?>
<coverage generated="1587231573978" clover="3.2.0">
  <project timestamp="1587231573978" name="All files">
    <metrics statements="46" coveredstatements="35" conditionals="12" coveredconditionals="9" methods="10" coveredmethods="5" elements="68" coveredelements="49" complexity="0" loc="46" ncloc="46" packages="3" files="6" classes="6"/>
    <package name="src">
      <metrics statements="16" coveredstatements="14" conditionals="4" coveredconditionals="4" methods="2" coveredmethods="1"/>
      <file name="configs.ts" path="/home/runner/work/graphql-relay-typescript/graphql-relay-typescript/src/configs.ts">
        <metrics statements="2" coveredstatements="2" conditionals="4" coveredconditionals="4" methods="0" coveredmethods="0"/>
        <line num="1" count="1" type="cond" truecount="2" falsecount="0"/>
        <line num="2" count="1" type="cond" truecount="2" falsecount="0"/>
      </file>
      <file name="server.ts" path="/home/runner/work/graphql-relay-typescript/graphql-relay-typescript/src/server.ts">
        <metrics statements="14" coveredstatements="12" conditionals="0" coveredconditionals="0" methods="2" coveredmethods="1"/>
        <line num="1" count="1" type="stmt"/>
        <line num="3" count="1" type="stmt"/>
        <line num="5" count="1" type="stmt"/>
        <line num="6" count="1" type="stmt"/>
        <line num="8" count="1" type="stmt"/>
        <line num="9" count="1" type="stmt"/>
        <line num="10" count="1" type="stmt"/>
        <line num="11" count="1" type="stmt"/>
        <line num="20" count="2" type="stmt"/>
        <line num="22" count="2" type="stmt"/>
        <line num="37" count="1" type="stmt"/>
        <line num="39" count="0" type="stmt"/>
        <line num="40" count="0" type="stmt"/>
        <line num="51" count="1" type="stmt"/>
      </file>
    </package>
    <package name="src.modules">
      <metrics statements="18" coveredstatements="11" conditionals="3" coveredconditionals="2" methods="4" coveredmethods="1"/>
      <file name="index.ts" path="/home/runner/work/graphql-relay-typescript/graphql-relay-typescript/src/modules/index.ts">
        <metrics statements="4" coveredstatements="4" conditionals="0" coveredconditionals="0" methods="0" coveredmethods="0"/>
        <line num="1" count="1" type="stmt"/>
        <line num="3" count="1" type="stmt"/>
        <line num="4" count="1" type="stmt"/>
        <line num="6" count="1" type="stmt"/>
      </file>
      <file name="resolvers.ts" path="/home/runner/work/graphql-relay-typescript/graphql-relay-typescript/src/modules/resolvers.ts">
        <metrics statements="12" coveredstatements="5" conditionals="1" coveredconditionals="0" methods="4" coveredmethods="1"/>
        <line num="1" count="1" type="stmt"/>
        <line num="17" count="1" type="stmt"/>
        <line num="19" count="1" type="stmt"/>
        <line num="20" count="1" type="stmt"/>
        <line num="22" count="0" type="stmt"/>
        <line num="23" count="0" type="stmt"/>
        <line num="30" count="0" type="stmt"/>
        <line num="31" count="0" type="cond" truecount="0" falsecount="1"/>
        <line num="32" count="0" type="stmt"/>
        <line num="36" count="0" type="stmt"/>
        <line num="37" count="0" type="stmt"/>
        <line num="42" count="1" type="stmt"/>
      </file>
      <file name="typeDefs.ts" path="/home/runner/work/graphql-relay-typescript/graphql-relay-typescript/src/modules/typeDefs.ts">
        <metrics statements="2" coveredstatements="2" conditionals="2" coveredconditionals="2" methods="0" coveredmethods="0"/>
        <line num="1" count="1" type="stmt"/>
        <line num="3" count="1" type="cond" truecount="2" falsecount="0"/>
      </file>
    </package>
    <package name="src.plugins">
      <metrics statements="12" coveredstatements="10" conditionals="5" coveredconditionals="3" methods="4" coveredmethods="3"/>
      <file name="logs.ts" path="/home/runner/work/graphql-relay-typescript/graphql-relay-typescript/src/plugins/logs.ts">
        <metrics statements="12" coveredstatements="10" conditionals="5" coveredconditionals="3" methods="4" coveredmethods="3"/>
        <line num="4" count="1" type="stmt"/>
        <line num="5" count="1" type="stmt"/>
        <line num="6" count="1" type="stmt"/>
        <line num="7" count="1" type="cond" truecount="1" falsecount="1"/>
        <line num="8" count="1" type="cond" truecount="2" falsecount="1"/>
        <line num="9" count="1" type="stmt"/>
        <line num="14" count="1" type="stmt"/>
        <line num="31" count="0" type="stmt"/>
        <line num="32" count="0" type="stmt"/>
        <line num="36" count="1" type="stmt"/>
        <line num="37" count="1" type="stmt"/>
        <line num="46" count="1" type="stmt"/>
      </file>
    </package>
  </project>
</coverage>
