{"/home/runner/work/graphql-relay-typescript/graphql-relay-typescript/src/configs.ts": {"path":"/home/runner/work/graphql-relay-typescript/graphql-relay-typescript/src/configs.ts","statementMap":{"0":{"start":{"line":1,"column":13},"end":{"line":1,"column":null}},"1":{"start":{"line":2,"column":13},"end":{"line":2,"column":null}}},"fnMap":{},"branchMap":{"0":{"loc":{"start":{"line":1,"column":20},"end":{"line":1,"column":36}},"type":"binary-expr","locations":[{"start":{"line":1,"column":20},"end":{"line":1,"column":36}},{"start":{"line":1,"column":40},"end":{"line":1,"column":44}}]},"1":{"loc":{"start":{"line":2,"column":28},"end":{"line":2,"column":52}},"type":"binary-expr","locations":[{"start":{"line":2,"column":28},"end":{"line":2,"column":52}},{"start":{"line":2,"column":56},"end":{"line":2,"column":73}}]}},"s":{"0":1,"1":1},"f":{},"b":{"0":[1,1],"1":[1,1]}}
,"/home/runner/work/graphql-relay-typescript/graphql-relay-typescript/src/server.ts": {"path":"/home/runner/work/graphql-relay-typescript/graphql-relay-typescript/src/server.ts","statementMap":{"0":{"start":{"line":1,"column":0},"end":{"line":1,"column":44}},"1":{"start":{"line":3,"column":0},"end":{"line":3,"column":30}},"2":{"start":{"line":5,"column":0},"end":{"line":5,"column":45}},"3":{"start":{"line":6,"column":13},"end":{"line":6,"column":null}},"4":{"start":{"line":8,"column":0},"end":{"line":8,"column":44}},"5":{"start":{"line":9,"column":0},"end":{"line":9,"column":41}},"6":{"start":{"line":10,"column":0},"end":{"line":10,"column":40}},"7":{"start":{"line":11,"column":15},"end":{"line":29,"column":2}},"8":{"start":{"line":20,"column":21},"end":{"line":20,"column":30}},"9":{"start":{"line":20,"column":32},"end":{"line":20,"column":37}},"10":{"start":{"line":20,"column":39},"end":{"line":20,"column":44}},"11":{"start":{"line":20,"column":46},"end":{"line":20,"column":53}},"12":{"start":{"line":22,"column":6},"end":{"line":22,"column":null}},"13":{"start":{"line":37,"column":13},"end":{"line":49,"column":null}},"14":{"start":{"line":39,"column":14},"end":{"line":39,"column":17}},"15":{"start":{"line":40,"column":4},"end":{"line":44,"column":null}},"16":{"start":{"line":51,"column":0},"end":{"line":51,"column":null}}},"fnMap":{"0":{"name":"(anonymous_2)","decl":{"start":{"line":20,"column":18},"end":{"line":20,"column":19}},"loc":{"start":{"line":20,"column":55},"end":{"line":23,"column":5}}},"1":{"name":"(anonymous_3)","decl":{"start":{"line":39,"column":11},"end":{"line":39,"column":12}},"loc":{"start":{"line":39,"column":24},"end":{"line":45,"column":3}}}},"branchMap":{},"s":{"0":1,"1":1,"2":1,"3":1,"4":1,"5":1,"6":1,"7":1,"8":2,"9":2,"10":2,"11":2,"12":2,"13":1,"14":0,"15":0,"16":1},"f":{"0":2,"1":0},"b":{}}
,"/home/runner/work/graphql-relay-typescript/graphql-relay-typescript/src/modules/index.ts": {"path":"/home/runner/work/graphql-relay-typescript/graphql-relay-typescript/src/modules/index.ts","statementMap":{"0":{"start":{"line":1,"column":0},"end":{"line":1,"column":52}},"1":{"start":{"line":3,"column":0},"end":{"line":3,"column":33}},"2":{"start":{"line":4,"column":0},"end":{"line":4,"column":35}},"3":{"start":{"line":6,"column":0},"end":{"line":9,"column":null}}},"fnMap":{},"branchMap":{},"s":{"0":1,"1":1,"2":1,"3":1},"f":{},"b":{}}
,"/home/runner/work/graphql-relay-typescript/graphql-relay-typescript/src/modules/resolvers.ts": {"path":"/home/runner/work/graphql-relay-typescript/graphql-relay-typescript/src/modules/resolvers.ts","statementMap":{"0":{"start":{"line":1,"column":0},"end":{"line":1,"column":59}},"1":{"start":{"line":17,"column":29},"end":{"line":40,"column":null}},"2":{"start":{"line":19,"column":16},"end":{"line":19,"column":18}},"3":{"start":{"line":19,"column":24},"end":{"line":19,"column":30}},"4":{"start":{"line":19,"column":32},"end":{"line":19,"column":38}},"5":{"start":{"line":20,"column":6},"end":{"line":20,"column":null}},"6":{"start":{"line":22,"column":29},"end":{"line":22,"column":35}},"7":{"start":{"line":23,"column":6},"end":{"line":26,"column":null}},"8":{"start":{"line":30,"column":28},"end":{"line":30,"column":33}},"9":{"start":{"line":30,"column":39},"end":{"line":30,"column":45}},"10":{"start":{"line":31,"column":19},"end":{"line":31,"column":null}},"11":{"start":{"line":31,"column":12},"end":{"line":31,"column":null}},"12":{"start":{"line":32,"column":6},"end":{"line":32,"column":null}},"13":{"start":{"line":36,"column":27},"end":{"line":36,"column":33}},"14":{"start":{"line":37,"column":6},"end":{"line":37,"column":null}},"15":{"start":{"line":42,"column":0},"end":{"line":42,"column":null}}},"fnMap":{"0":{"name":"(anonymous_13)","decl":{"start":{"line":19,"column":10},"end":{"line":19,"column":11}},"loc":{"start":{"line":19,"column":40},"end":{"line":21,"column":5}}},"1":{"name":"(anonymous_14)","decl":{"start":{"line":22,"column":11},"end":{"line":22,"column":18}},"loc":{"start":{"line":22,"column":37},"end":{"line":27,"column":null}}},"2":{"name":"(anonymous_17)","decl":{"start":{"line":30,"column":16},"end":{"line":30,"column":23}},"loc":{"start":{"line":30,"column":47},"end":{"line":33,"column":null}}},"3":{"name":"(anonymous_20)","decl":{"start":{"line":36,"column":14},"end":{"line":36,"column":15}},"loc":{"start":{"line":36,"column":35},"end":{"line":38,"column":5}}}},"branchMap":{"0":{"loc":{"start":{"line":31,"column":19},"end":{"line":31,"column":null}},"type":"switch","locations":[{"start":{"line":31,"column":19},"end":{"line":31,"column":null}}]}},"s":{"0":1,"1":1,"2":1,"3":1,"4":1,"5":1,"6":0,"7":0,"8":0,"9":0,"10":0,"11":0,"12":0,"13":0,"14":0,"15":1},"f":{"0":1,"1":0,"2":0,"3":0},"b":{"0":[0]}}
,"/home/runner/work/graphql-relay-typescript/graphql-relay-typescript/src/modules/typeDefs.ts": {"path":"/home/runner/work/graphql-relay-typescript/graphql-relay-typescript/src/modules/typeDefs.ts","statementMap":{"0":{"start":{"line":1,"column":0},"end":{"line":1,"column":35}},"1":{"start":{"line":3,"column":0},"end":{"line":54,"column":null}}},"fnMap":{},"branchMap":{"0":{"loc":{"start":{"line":3,"column":18},"end":{"line":3,"column":null}},"type":"binary-expr","locations":[{"start":{"line":3,"column":18},"end":{"line":3,"column":null}},{"start":{"line":3,"column":18},"end":{"line":54,"column":null}}]}},"s":{"0":1,"1":1},"f":{},"b":{"0":[1,1]}}
,"/home/runner/work/graphql-relay-typescript/graphql-relay-typescript/src/plugins/logs.ts": {"path":"/home/runner/work/graphql-relay-typescript/graphql-relay-typescript/src/plugins/logs.ts","statementMap":{"0":{"start":{"line":4,"column":21},"end":{"line":45,"column":1}},"1":{"start":{"line":5,"column":2},"end":{"line":44,"column":null}},"2":{"start":{"line":6,"column":24},"end":{"line":6,"column":31}},"3":{"start":{"line":6,"column":33},"end":{"line":6,"column":40}},"4":{"start":{"line":7,"column":6},"end":{"line":42,"column":null}},"5":{"start":{"line":8,"column":30},"end":{"line":8,"column":74}},"6":{"start":{"line":9,"column":8},"end":{"line":12,"column":null}},"7":{"start":{"line":14,"column":8},"end":{"line":41,"column":null}},"8":{"start":{"line":31,"column":33},"end":{"line":31,"column":39}},"9":{"start":{"line":32,"column":12},"end":{"line":34,"column":null}},"10":{"start":{"line":36,"column":31},"end":{"line":36,"column":39}},"11":{"start":{"line":37,"column":12},"end":{"line":39,"column":null}},"12":{"start":{"line":46,"column":0},"end":{"line":46,"column":null}}},"fnMap":{"0":{"name":"(anonymous_0)","decl":{"start":{"line":4,"column":21},"end":{"line":4,"column":22}},"loc":{"start":{"line":4,"column":36},"end":{"line":45,"column":1}}},"1":{"name":"(anonymous_1)","decl":{"start":{"line":6,"column":21},"end":{"line":6,"column":22}},"loc":{"start":{"line":6,"column":42},"end":{"line":43,"column":5}}},"2":{"name":"(anonymous_2)","decl":{"start":{"line":31,"column":30},"end":{"line":31,"column":31}},"loc":{"start":{"line":31,"column":41},"end":{"line":35,"column":11}}},"3":{"name":"(anonymous_3)","decl":{"start":{"line":36,"column":28},"end":{"line":36,"column":29}},"loc":{"start":{"line":36,"column":41},"end":{"line":40,"column":11}}}},"branchMap":{"0":{"loc":{"start":{"line":7,"column":6},"end":{"line":42,"column":null}},"type":"if","locations":[{"start":{"line":7,"column":6},"end":{"line":42,"column":null}},{"start":{"line":7,"column":6},"end":{"line":42,"column":null}}]},"1":{"loc":{"start":{"line":8,"column":30},"end":{"line":8,"column":51}},"type":"binary-expr","locations":[{"start":{"line":8,"column":30},"end":{"line":8,"column":51}},{"start":{"line":8,"column":55},"end":{"line":8,"column":68}},{"start":{"line":8,"column":72},"end":{"line":8,"column":74}}]}},"s":{"0":1,"1":1,"2":1,"3":1,"4":1,"5":1,"6":1,"7":1,"8":0,"9":0,"10":1,"11":1,"12":1},"f":{"0":1,"1":1,"2":0,"3":1},"b":{"0":[1,0],"1":[1,1,0]}}
}
