TN:
SF:src/configs.ts
FNF:0
FNH:0
DA:1,1
DA:2,1
LF:2
LH:2
BRDA:1,0,0,1
BRDA:1,0,1,1
BRDA:2,1,0,1
BRDA:2,1,1,1
BRF:4
BRH:4
end_of_record
TN:
SF:src/server.ts
FN:20,(anonymous_2)
FN:39,(anonymous_3)
FNF:2
FNH:1
FNDA:2,(anonymous_2)
FNDA:0,(anonymous_3)
DA:1,1
DA:3,1
DA:5,1
DA:6,1
DA:8,1
DA:9,1
DA:10,1
DA:11,1
DA:20,2
DA:22,2
DA:37,1
DA:39,0
DA:40,0
DA:51,1
LF:14
LH:12
BRF:0
BRH:0
end_of_record
TN:
SF:src/modules/index.ts
FNF:0
FNH:0
DA:1,1
DA:3,1
DA:4,1
DA:6,1
LF:4
LH:4
BRF:0
BRH:0
end_of_record
TN:
SF:src/modules/resolvers.ts
FN:19,(anonymous_13)
FN:22,(anonymous_14)
FN:30,(anonymous_17)
FN:36,(anonymous_20)
FNF:4
FNH:1
FNDA:1,(anonymous_13)
FNDA:0,(anonymous_14)
FNDA:0,(anonymous_17)
FNDA:0,(anonymous_20)
DA:1,1
DA:17,1
DA:19,1
DA:20,1
DA:22,0
DA:23,0
DA:30,0
DA:31,0
DA:32,0
DA:36,0
DA:37,0
DA:42,1
LF:12
LH:5
BRDA:31,0,0,0
BRF:1
BRH:0
end_of_record
TN:
SF:src/modules/typeDefs.ts
FNF:0
FNH:0
DA:1,1
DA:3,1
LF:2
LH:2
BRDA:3,0,0,1
BRDA:3,0,1,1
BRF:2
BRH:2
end_of_record
TN:
SF:src/plugins/logs.ts
FN:4,(anonymous_0)
FN:6,(anonymous_1)
FN:31,(anonymous_2)
FN:36,(anonymous_3)
FNF:4
FNH:3
FNDA:1,(anonymous_0)
FNDA:1,(anonymous_1)
FNDA:0,(anonymous_2)
FNDA:1,(anonymous_3)
DA:4,1
DA:5,1
DA:6,1
DA:7,1
DA:8,1
DA:9,1
DA:14,1
DA:31,0
DA:32,0
DA:36,1
DA:37,1
DA:46,1
LF:12
LH:10
BRDA:7,0,0,1
BRDA:7,0,1,0
BRDA:8,1,0,1
BRDA:8,1,1,1
BRDA:8,1,2,0
BRF:5
BRH:3
end_of_record
